Array
(
    [patientId] => 6
    [sampleId] => 128
    [patientName] => Harry Peralta
    [stationWard] => Wala
    [gender] => Male
    [age] => 21
    [birthDate] => 2025-04-14
    [requestDate] => 2025-04-29T23:47
)
SQL: INSERT INTO request_list (patient_id, sample_id, patient_name, station_ward, gender, age, birth_date, request_date) 
            VALUES ('6', '128', 'Harry Peralta', 'Wala', 'Male', 21, '2025-04-14', '2025-04-29T23:47')
Array
(
    [patientId] => 7
    [sampleId] => 129
    [patientName] => Ako si sanji
    [stationWard] => ewan
    [gender] => Male
    [age] => 12
    [birthDate] => 2025-04-01
    [requestDate] => 2025-04-30T00:41
)
SQL: INSERT INTO request_list (patient_id, sample_id, patient_name, station_ward, gender, age, birth_date, request_date) 
            VALUES ('7', '129', 'Ako si sanji', 'ewan', 'Male', 12, '2025-04-01', '2025-04-30T00:41')
